<?xml version="1.0" encoding="UTF-8"?>
<testng-results skipped="0" failed="0" ignored="0" total="1" passed="1">
  <reporter-output>
    <line>
      <![CDATA[Welcome to X-Cart Demo Store!By.xpath: //h1[contains(text(),'Welcome to X-Cart Demo Store!')]<br>]]>
    </line>
  </reporter-output>
  <suite name="Default Suite" duration-ms="7633" started-at="2021-06-15T08:21:48Z" finished-at="2021-06-15T08:21:55Z">
    <groups>
      <group name="smoke">
        <method signature="HomePageTest.userIsOnHomePage()[pri:1, instance:com.mobile.xcart.testSuite.HomePageTest@59a6e353]" name="userIsOnHomePage" class="com.mobile.xcart.testSuite.HomePageTest"/>
      </group> <!-- smoke -->
    </groups>
    <test name="homeWorkWeek14Xcart" duration-ms="7633" started-at="2021-06-15T08:21:48Z" finished-at="2021-06-15T08:21:55Z">
      <class name="com.mobile.xcart.testSuite.HomePageTest">
        <test-method status="PASS" signature="setUp()[pri:0, instance:com.mobile.xcart.testSuite.HomePageTest@59a6e353]" name="setUp" is-config="true" duration-ms="6158" started-at="2021-06-15T08:21:48Z" finished-at="2021-06-15T08:21:54Z">
          <reporter-output>
          </reporter-output>
        </test-method> <!-- setUp -->
        <test-method status="PASS" signature="userIsOnHomePage()[pri:1, instance:com.mobile.xcart.testSuite.HomePageTest@59a6e353]" name="userIsOnHomePage" duration-ms="113" started-at="2021-06-15T08:21:54Z" finished-at="2021-06-15T08:21:54Z">
          <reporter-output>
            <line>
              <![CDATA[Welcome to X-Cart Demo Store!By.xpath: //h1[contains(text(),'Welcome to X-Cart Demo Store!')]<br>]]>
            </line>
          </reporter-output>
        </test-method> <!-- userIsOnHomePage -->
        <test-method status="PASS" signature="tearDown()[pri:0, instance:com.mobile.xcart.testSuite.HomePageTest@59a6e353]" name="tearDown" is-config="true" duration-ms="1313" started-at="2021-06-15T08:21:54Z" finished-at="2021-06-15T08:21:55Z">
          <reporter-output>
          </reporter-output>
        </test-method> <!-- tearDown -->
      </class> <!-- com.mobile.xcart.testSuite.HomePageTest -->
    </test> <!-- homeWorkWeek14Xcart -->
  </suite> <!-- Default Suite -->
</testng-results>
